<?xml version="1.0" encoding="UTF-8"?>
<testsuites name="TS 1" time="96.189" tests="2" failures="0" errors="0">
   <testsuite name="TS 1" tests="2" failures="0" errors="0" time="96.189" skipped="0" timestamp="13-02-2024T13:27:31" hostname="asus - LAPTOP-PECE1U4E" id="Test Suites/TS 1">
      <properties>
         <property name="deviceName" value="emulator-5554 (sdk_gphone64_x86_64 - Android 14)"/>
         <property name="devicePlatform" value=""/>
         <property name="logFolder" value="E:\\Training BRI\\Bootcamp IT\\Katalon Automation Testing\\Automation Project\\katalon-taskmobile\\Reports\\20240213_132721\\TS 1\\20240213_132721"/>
         <property name="logFiles" value="E:\\Training BRI\\Bootcamp IT\\Katalon Automation Testing\\Automation Project\\katalon-taskmobile\\Reports\\20240213_132721\\TS 1\\20240213_132721\\appium.log, E:\\Training BRI\\Bootcamp IT\\Katalon Automation Testing\\Automation Project\\katalon-taskmobile\\Reports\\20240213_132721\\TS 1\\20240213_132721\\appium_error.log, E:\\Training BRI\\Bootcamp IT\\Katalon Automation Testing\\Automation Project\\katalon-taskmobile\\Reports\\20240213_132721\\TS 1\\20240213_132721\\execution0.log"/>
         <property name="attachments" value=""/>
         <property name="hostName" value="asus - LAPTOP-PECE1U4E"/>
         <property name="os" value="Windows 11 64bit"/>
         <property name="appiumServerStatus" value="{&quot;value&quot;:{&quot;ready&quot;:true,&quot;message&quot;:&quot;The server is ready to accept new connections&quot;,&quot;build&quot;:{&quot;version&quot;:&quot;2.5.0&quot;}}}"/>
         <property name="katalonVersion" value="9.3.0.212"/>
         <property name="deviceOS" value="Android"/>
         <property name="appiumVersion" value="2.5.0"/>
         <property name="deviceModel" value="sdk_gphone64_x86_64"/>
         <property name="hostAddress" value="172.16.213.207"/>
         <property name="deviceManufacturer" value="Google"/>
         <property name="deviceId" value="emulator-5554"/>
         <property name="deviceName" value="emulator-5554 (sdk_gphone64_x86_64 - Android 14)"/>
         <property name="deviceOSVersion" value="14"/>
      </properties>
      <testcase name="Test Cases/TC001 - Pencarian Produk" time="43.051" classname="Test Cases/TC001 - Pencarian Produk" status="PASSED">
         <system-out><![CDATA[13-02-2024T13:27:32 - [TEST_CASE][PASSED] - Test Cases/TC001 - Pencarian Produk: Test Cases/TC001 - Pencarian Produk

13-02-2024T13:27:32 - [TEST_STEP][PASSED] - startApplication("C:\Users\asus\Downloads\Documents\Compressed\Android-Solodroid_E-CommerceApp Demo_3.2.0.apk\Solodroid_E-CommerceApp Demo_3.2.0.apk", true): Started app at: 'C:\Users\asus\Downloads\Documents\Compressed\Android-Solodroid_E-CommerceApp Demo_3.2.0.apk\Solodroid_E-CommerceApp Demo_3.2.0.apk'

13-02-2024T13:27:33 - [MESSAGE][INFO] - Detected NodeJS location: "C:\Program Files\nodejs\node.exe"

13-02-2024T13:27:38 - [MESSAGE][INFO] - PATH: C:\Program Files\nodejs;

13-02-2024T13:27:38 - [MESSAGE][INFO] - APPIUM_HOME: C:\Users\asus\.appium

13-02-2024T13:27:38 - [MESSAGE][INFO] - appium outlog: E:\Training BRI\Bootcamp IT\Katalon Automation Testing\Automation Project\katalon-taskmobile\Reports\20240213_132721\TS 1\20240213_132721\appium.log

13-02-2024T13:27:38 - [MESSAGE][INFO] - appium errlog: E:\Training BRI\Bootcamp IT\Katalon Automation Testing\Automation Project\katalon-taskmobile\Reports\20240213_132721\TS 1\20240213_132721\appium_error.log

13-02-2024T13:27:43 - [MESSAGE][INFO] - Appium server started on port 9,839

13-02-2024T13:27:59 - [MESSAGE][PASSED] - Started app at: 'C:\Users\asus\Downloads\Documents\Compressed\Android-Solodroid_E-CommerceApp Demo_3.2.0.apk\Solodroid_E-CommerceApp Demo_3.2.0.apk'

13-02-2024T13:27:59 - [TEST_STEP][PASSED] - tap(findTestObject("Object Repository/android.widget.TextView"), 0): Tapped on element 'Object Repository/android.widget.TextView'

13-02-2024T13:27:59 - [MESSAGE][WARNING] - Timeout '0' is invalid. Using default page load timeout: '30'

13-02-2024T13:28:04 - [MESSAGE][PASSED] - Tapped on element 'Object Repository/android.widget.TextView'

13-02-2024T13:28:04 - [TEST_STEP][PASSED] - delay(3): Delayed 3 second(s)

13-02-2024T13:28:07 - [MESSAGE][PASSED] - Delayed 3 second(s)

13-02-2024T13:28:07 - [TEST_STEP][PASSED] - setText(findTestObject("Object Repository/Searchbar"), "apple", 0): Text 'apple' has been set to element 'Object Repository/Searchbar'

13-02-2024T13:28:07 - [MESSAGE][WARNING] - Timeout '0' is invalid. Using default page load timeout: '30'

13-02-2024T13:28:10 - [MESSAGE][PASSED] - Text 'apple' has been set to element 'Object Repository/Searchbar'

13-02-2024T13:28:10 - [TEST_STEP][PASSED] - delay(3): Delayed 3 second(s)

13-02-2024T13:28:13 - [MESSAGE][PASSED] - Delayed 3 second(s)

13-02-2024T13:28:13 - [TEST_STEP][PASSED] - closeApplication(): Close app successfully

13-02-2024T13:28:15 - [MESSAGE][PASSED] - Close app successfully]]></system-out>
         <system-err><![CDATA[]]></system-err>
      </testcase>
      <testcase name="Test Cases/TC002 - Checkout Barang" time="52.781" classname="Test Cases/TC002 - Checkout Barang" status="PASSED">
         <system-out><![CDATA[13-02-2024T13:28:15 - [TEST_CASE][PASSED] - Test Cases/TC002 - Checkout Barang: Test Cases/TC002 - Checkout Barang

13-02-2024T13:28:15 - [TEST_STEP][PASSED] - startApplication("C:\Users\asus\Downloads\Documents\Compressed\Android-Solodroid_E-CommerceApp Demo_3.2.0.apk\Solodroid_E-CommerceApp Demo_3.2.0.apk", true): Started app at: 'C:\Users\asus\Downloads\Documents\Compressed\Android-Solodroid_E-CommerceApp Demo_3.2.0.apk\Solodroid_E-CommerceApp Demo_3.2.0.apk'

13-02-2024T13:28:15 - [MESSAGE][INFO] - Detected NodeJS location: "C:\Program Files\nodejs\node.exe"

13-02-2024T13:28:21 - [MESSAGE][INFO] - PATH: C:\Program Files\nodejs;

13-02-2024T13:28:21 - [MESSAGE][INFO] - APPIUM_HOME: C:\Users\asus\.appium

13-02-2024T13:28:21 - [MESSAGE][INFO] - appium outlog: E:\Training BRI\Bootcamp IT\Katalon Automation Testing\Automation Project\katalon-taskmobile\Reports\20240213_132721\TS 1\20240213_132721\appium.log

13-02-2024T13:28:21 - [MESSAGE][INFO] - appium errlog: E:\Training BRI\Bootcamp IT\Katalon Automation Testing\Automation Project\katalon-taskmobile\Reports\20240213_132721\TS 1\20240213_132721\appium_error.log

13-02-2024T13:28:24 - [MESSAGE][INFO] - Appium server started on port 10,177

13-02-2024T13:28:33 - [MESSAGE][PASSED] - Started app at: 'C:\Users\asus\Downloads\Documents\Compressed\Android-Solodroid_E-CommerceApp Demo_3.2.0.apk\Solodroid_E-CommerceApp Demo_3.2.0.apk'

13-02-2024T13:28:33 - [TEST_STEP][PASSED] - tap(findTestObject("Object Repository/android.widget.FrameLayout (1)"), 0): Tapped on element 'Object Repository/android.widget.FrameLayout (1)'

13-02-2024T13:28:33 - [MESSAGE][WARNING] - Timeout '0' is invalid. Using default page load timeout: '30'

13-02-2024T13:28:39 - [MESSAGE][PASSED] - Tapped on element 'Object Repository/android.widget.FrameLayout (1)'

13-02-2024T13:28:39 - [TEST_STEP][PASSED] - tap(findTestObject("Object Repository/android.widget.RelativeLayout"), 0): Tapped on element 'Object Repository/android.widget.RelativeLayout'

13-02-2024T13:28:39 - [MESSAGE][WARNING] - Timeout '0' is invalid. Using default page load timeout: '30'

13-02-2024T13:28:42 - [MESSAGE][PASSED] - Tapped on element 'Object Repository/android.widget.RelativeLayout'

13-02-2024T13:28:42 - [TEST_STEP][PASSED] - tap(findTestObject("Object Repository/android.widget.ImageView"), 0): Tapped on element 'Object Repository/android.widget.ImageView'

13-02-2024T13:28:42 - [MESSAGE][WARNING] - Timeout '0' is invalid. Using default page load timeout: '30'

13-02-2024T13:28:42 - [MESSAGE][PASSED] - Tapped on element 'Object Repository/android.widget.ImageView'

13-02-2024T13:28:42 - [TEST_STEP][PASSED] - tap(findTestObject("Object Repository/New Folder/addtocart.Button - ADD TO CART"), 0): Tapped on element 'Object Repository/New Folder/addtocart.Button - ADD TO CART'

13-02-2024T13:28:42 - [MESSAGE][WARNING] - Timeout '0' is invalid. Using default page load timeout: '30'

13-02-2024T13:28:46 - [MESSAGE][PASSED] - Tapped on element 'Object Repository/New Folder/addtocart.Button - ADD TO CART'

13-02-2024T13:28:46 - [TEST_STEP][PASSED] - setText(findTestObject("Object Repository/android.widget.EditText"), "2", 0): Text '2' has been set to element 'Object Repository/android.widget.EditText'

13-02-2024T13:28:46 - [MESSAGE][WARNING] - Timeout '0' is invalid. Using default page load timeout: '30'

13-02-2024T13:28:49 - [MESSAGE][PASSED] - Text '2' has been set to element 'Object Repository/android.widget.EditText'

13-02-2024T13:28:49 - [TEST_STEP][PASSED] - tap(findTestObject("Object Repository/New Folder/add.Button - ADD"), 0): Tapped on element 'Object Repository/New Folder/add.Button - ADD'

13-02-2024T13:28:49 - [MESSAGE][WARNING] - Timeout '0' is invalid. Using default page load timeout: '30'

13-02-2024T13:28:50 - [MESSAGE][PASSED] - Tapped on element 'Object Repository/New Folder/add.Button - ADD'

13-02-2024T13:28:50 - [TEST_STEP][PASSED] - tap(findTestObject("Object Repository/android.widget.TextView (1)"), 0): Tapped on element 'Object Repository/android.widget.TextView (1)'

13-02-2024T13:28:50 - [MESSAGE][WARNING] - Timeout '0' is invalid. Using default page load timeout: '30'

13-02-2024T13:28:51 - [MESSAGE][PASSED] - Tapped on element 'Object Repository/android.widget.TextView (1)'

13-02-2024T13:28:51 - [TEST_STEP][PASSED] - tap(findTestObject("Object Repository/android.widget.Button - CHECKOUT"), 0): Tapped on element 'Object Repository/android.widget.Button - CHECKOUT'

13-02-2024T13:28:51 - [MESSAGE][WARNING] - Timeout '0' is invalid. Using default page load timeout: '30'

13-02-2024T13:28:52 - [MESSAGE][PASSED] - Tapped on element 'Object Repository/android.widget.Button - CHECKOUT'

13-02-2024T13:28:52 - [TEST_STEP][PASSED] - tap(findTestObject("Object Repository/New Folder/checkout.Button - PROCESS CHECKOUT"), 0): Tapped on element 'Object Repository/New Folder/checkout.Button - PROCESS CHECKOUT'

13-02-2024T13:28:52 - [MESSAGE][WARNING] - Timeout '0' is invalid. Using default page load timeout: '30'

13-02-2024T13:28:55 - [MESSAGE][PASSED] - Tapped on element 'Object Repository/New Folder/checkout.Button - PROCESS CHECKOUT'

13-02-2024T13:28:55 - [TEST_STEP][PASSED] - tap(findTestObject("Object Repository/New Folder/yes.Button - YES"), 0): Tapped on element 'Object Repository/New Folder/yes.Button - YES'

13-02-2024T13:28:55 - [MESSAGE][WARNING] - Timeout '0' is invalid. Using default page load timeout: '30'

13-02-2024T13:28:57 - [MESSAGE][PASSED] - Tapped on element 'Object Repository/New Folder/yes.Button - YES'

13-02-2024T13:28:57 - [TEST_STEP][PASSED] - delay(8): Delayed 8 second(s)

13-02-2024T13:29:05 - [MESSAGE][PASSED] - Delayed 8 second(s)

13-02-2024T13:29:05 - [TEST_STEP][PASSED] - closeApplication(): Close app successfully

13-02-2024T13:29:08 - [MESSAGE][PASSED] - Close app successfully]]></system-out>
         <system-err><![CDATA[]]></system-err>
      </testcase>
      <system-out><![CDATA[13-02-2024T13:27:31 - [TEST_SUITE][PASSED] - TS 1: Test Cases/TC002 - Checkout Barang]]></system-out>
      <system-err><![CDATA[]]></system-err>
   </testsuite>
</testsuites>
