<?xml version="1.0" encoding="UTF-8"?>
<testsuites name="TS 1" time="92.694" tests="2" failures="0" errors="0">
   <testsuite name="TS 1" tests="2" failures="0" errors="0" time="92.694" skipped="0" timestamp="13-02-2024T12:33:14" hostname="asus - LAPTOP-PECE1U4E" id="Test Suites/TS 1">
      <properties>
         <property name="deviceName" value="emulator-5556 (sdk_gphone64_x86_64 - Android 14)"/>
         <property name="devicePlatform" value=""/>
         <property name="logFolder" value="E:\\Training BRI\\Bootcamp IT\\Katalon Automation Testing\\Automation Project\\katalon-taskmobile\\Reports\\20240213_123309\\TS 1\\20240213_123309"/>
         <property name="logFiles" value="E:\\Training BRI\\Bootcamp IT\\Katalon Automation Testing\\Automation Project\\katalon-taskmobile\\Reports\\20240213_123309\\TS 1\\20240213_123309\\appium.log, E:\\Training BRI\\Bootcamp IT\\Katalon Automation Testing\\Automation Project\\katalon-taskmobile\\Reports\\20240213_123309\\TS 1\\20240213_123309\\appium_error.log, E:\\Training BRI\\Bootcamp IT\\Katalon Automation Testing\\Automation Project\\katalon-taskmobile\\Reports\\20240213_123309\\TS 1\\20240213_123309\\execution0.log"/>
         <property name="attachments" value=""/>
         <property name="hostName" value="asus - LAPTOP-PECE1U4E"/>
         <property name="os" value="Windows 11 64bit"/>
         <property name="appiumServerStatus" value="{&quot;value&quot;:{&quot;ready&quot;:true,&quot;message&quot;:&quot;The server is ready to accept new connections&quot;,&quot;build&quot;:{&quot;version&quot;:&quot;2.5.0&quot;}}}"/>
         <property name="katalonVersion" value="9.3.0.212"/>
         <property name="deviceOS" value="Android"/>
         <property name="appiumVersion" value="2.5.0"/>
         <property name="deviceModel" value="sdk_gphone64_x86_64"/>
         <property name="hostAddress" value="172.16.213.207"/>
         <property name="deviceManufacturer" value="Google"/>
         <property name="deviceId" value="emulator-5556"/>
         <property name="deviceName" value="emulator-5556 (sdk_gphone64_x86_64 - Android 14)"/>
         <property name="deviceOSVersion" value="14"/>
      </properties>
      <testcase name="Test Cases/TC001 - Pencarian Produk" time="37.295" classname="Test Cases/TC001 - Pencarian Produk" status="PASSED">
         <system-out><![CDATA[13-02-2024T12:33:14 - [TEST_CASE][PASSED] - Test Cases/TC001 - Pencarian Produk: Test Cases/TC001 - Pencarian Produk

13-02-2024T12:33:14 - [TEST_STEP][PASSED] - startApplication("C:\Users\asus\Downloads\Documents\Compressed\Android-Solodroid_E-CommerceApp Demo_3.2.0.apk\Solodroid_E-CommerceApp Demo_3.2.0.apk", true): Started app at: 'C:\Users\asus\Downloads\Documents\Compressed\Android-Solodroid_E-CommerceApp Demo_3.2.0.apk\Solodroid_E-CommerceApp Demo_3.2.0.apk'

13-02-2024T12:33:15 - [MESSAGE][INFO] - Detected NodeJS location: "C:\Program Files\nodejs\node.exe"

13-02-2024T12:33:20 - [MESSAGE][INFO] - PATH: C:\Program Files\nodejs;

13-02-2024T12:33:20 - [MESSAGE][INFO] - APPIUM_HOME: C:\Users\asus\.appium

13-02-2024T12:33:20 - [MESSAGE][INFO] - appium outlog: E:\Training BRI\Bootcamp IT\Katalon Automation Testing\Automation Project\katalon-taskmobile\Reports\20240213_123309\TS 1\20240213_123309\appium.log

13-02-2024T12:33:20 - [MESSAGE][INFO] - appium errlog: E:\Training BRI\Bootcamp IT\Katalon Automation Testing\Automation Project\katalon-taskmobile\Reports\20240213_123309\TS 1\20240213_123309\appium_error.log

13-02-2024T12:33:23 - [MESSAGE][INFO] - Appium server started on port 6,761

13-02-2024T12:33:35 - [MESSAGE][PASSED] - Started app at: 'C:\Users\asus\Downloads\Documents\Compressed\Android-Solodroid_E-CommerceApp Demo_3.2.0.apk\Solodroid_E-CommerceApp Demo_3.2.0.apk'

13-02-2024T12:33:35 - [TEST_STEP][PASSED] - tap(findTestObject("Object Repository/android.widget.TextView"), 0): Tapped on element 'Object Repository/android.widget.TextView'

13-02-2024T12:33:35 - [MESSAGE][WARNING] - Timeout '0' is invalid. Using default page load timeout: '30'

13-02-2024T12:33:41 - [MESSAGE][PASSED] - Tapped on element 'Object Repository/android.widget.TextView'

13-02-2024T12:33:41 - [TEST_STEP][PASSED] - delay(3): Delayed 3 second(s)

13-02-2024T12:33:44 - [MESSAGE][PASSED] - Delayed 3 second(s)

13-02-2024T12:33:44 - [TEST_STEP][PASSED] - setText(findTestObject("Object Repository/Searchbar"), "apple", 0): Text 'apple' has been set to element 'Object Repository/Searchbar'

13-02-2024T12:33:44 - [MESSAGE][WARNING] - Timeout '0' is invalid. Using default page load timeout: '30'

13-02-2024T12:33:46 - [MESSAGE][PASSED] - Text 'apple' has been set to element 'Object Repository/Searchbar'

13-02-2024T12:33:46 - [TEST_STEP][PASSED] - delay(3): Delayed 3 second(s)

13-02-2024T12:33:49 - [MESSAGE][PASSED] - Delayed 3 second(s)

13-02-2024T12:33:49 - [TEST_STEP][PASSED] - closeApplication(): Close app successfully

13-02-2024T12:33:51 - [MESSAGE][PASSED] - Close app successfully]]></system-out>
         <system-err><![CDATA[]]></system-err>
      </testcase>
      <testcase name="Test Cases/TC002 - Checkout Barang" time="55.16" classname="Test Cases/TC002 - Checkout Barang" status="PASSED">
         <system-out><![CDATA[13-02-2024T12:33:51 - [TEST_CASE][PASSED] - Test Cases/TC002 - Checkout Barang: Test Cases/TC002 - Checkout Barang

13-02-2024T12:33:51 - [TEST_STEP][PASSED] - startApplication("C:\Users\asus\Downloads\Documents\Compressed\Android-Solodroid_E-CommerceApp Demo_3.2.0.apk\Solodroid_E-CommerceApp Demo_3.2.0.apk", true): Started app at: 'C:\Users\asus\Downloads\Documents\Compressed\Android-Solodroid_E-CommerceApp Demo_3.2.0.apk\Solodroid_E-CommerceApp Demo_3.2.0.apk'

13-02-2024T12:33:52 - [MESSAGE][INFO] - Detected NodeJS location: "C:\Program Files\nodejs\node.exe"

13-02-2024T12:33:57 - [MESSAGE][INFO] - PATH: C:\Program Files\nodejs;

13-02-2024T12:33:57 - [MESSAGE][INFO] - APPIUM_HOME: C:\Users\asus\.appium

13-02-2024T12:33:57 - [MESSAGE][INFO] - appium outlog: E:\Training BRI\Bootcamp IT\Katalon Automation Testing\Automation Project\katalon-taskmobile\Reports\20240213_123309\TS 1\20240213_123309\appium.log

13-02-2024T12:33:57 - [MESSAGE][INFO] - appium errlog: E:\Training BRI\Bootcamp IT\Katalon Automation Testing\Automation Project\katalon-taskmobile\Reports\20240213_123309\TS 1\20240213_123309\appium_error.log

13-02-2024T12:34:00 - [MESSAGE][INFO] - Appium server started on port 7,000

13-02-2024T12:34:09 - [MESSAGE][PASSED] - Started app at: 'C:\Users\asus\Downloads\Documents\Compressed\Android-Solodroid_E-CommerceApp Demo_3.2.0.apk\Solodroid_E-CommerceApp Demo_3.2.0.apk'

13-02-2024T12:34:09 - [TEST_STEP][PASSED] - tap(findTestObject("Object Repository/android.widget.FrameLayout (1)"), 0): Tapped on element 'Object Repository/android.widget.FrameLayout (1)'

13-02-2024T12:34:09 - [MESSAGE][WARNING] - Timeout '0' is invalid. Using default page load timeout: '30'

13-02-2024T12:34:16 - [MESSAGE][PASSED] - Tapped on element 'Object Repository/android.widget.FrameLayout (1)'

13-02-2024T12:34:16 - [TEST_STEP][PASSED] - tap(findTestObject("Object Repository/android.widget.RelativeLayout"), 0): Tapped on element 'Object Repository/android.widget.RelativeLayout'

13-02-2024T12:34:16 - [MESSAGE][WARNING] - Timeout '0' is invalid. Using default page load timeout: '30'

13-02-2024T12:34:19 - [MESSAGE][PASSED] - Tapped on element 'Object Repository/android.widget.RelativeLayout'

13-02-2024T12:34:19 - [TEST_STEP][PASSED] - tap(findTestObject("Object Repository/android.widget.ImageView"), 0): Tapped on element 'Object Repository/android.widget.ImageView'

13-02-2024T12:34:19 - [MESSAGE][WARNING] - Timeout '0' is invalid. Using default page load timeout: '30'

13-02-2024T12:34:20 - [MESSAGE][PASSED] - Tapped on element 'Object Repository/android.widget.ImageView'

13-02-2024T12:34:20 - [TEST_STEP][PASSED] - tap(findTestObject("Object Repository/New Folder/addtocart.Button - ADD TO CART"), 0): Tapped on element 'Object Repository/New Folder/addtocart.Button - ADD TO CART'

13-02-2024T12:34:20 - [MESSAGE][WARNING] - Timeout '0' is invalid. Using default page load timeout: '30'

13-02-2024T12:34:23 - [MESSAGE][PASSED] - Tapped on element 'Object Repository/New Folder/addtocart.Button - ADD TO CART'

13-02-2024T12:34:23 - [TEST_STEP][PASSED] - setText(findTestObject("Object Repository/android.widget.EditText"), "2", 0): Text '2' has been set to element 'Object Repository/android.widget.EditText'

13-02-2024T12:34:23 - [MESSAGE][WARNING] - Timeout '0' is invalid. Using default page load timeout: '30'

13-02-2024T12:34:27 - [MESSAGE][PASSED] - Text '2' has been set to element 'Object Repository/android.widget.EditText'

13-02-2024T12:34:27 - [TEST_STEP][PASSED] - tap(findTestObject("Object Repository/New Folder/add.Button - ADD"), 0): Tapped on element 'Object Repository/New Folder/add.Button - ADD'

13-02-2024T12:34:27 - [MESSAGE][WARNING] - Timeout '0' is invalid. Using default page load timeout: '30'

13-02-2024T12:34:28 - [MESSAGE][PASSED] - Tapped on element 'Object Repository/New Folder/add.Button - ADD'

13-02-2024T12:34:28 - [TEST_STEP][PASSED] - tap(findTestObject("Object Repository/android.widget.TextView (1)"), 0): Tapped on element 'Object Repository/android.widget.TextView (1)'

13-02-2024T12:34:28 - [MESSAGE][WARNING] - Timeout '0' is invalid. Using default page load timeout: '30'

13-02-2024T12:34:29 - [MESSAGE][PASSED] - Tapped on element 'Object Repository/android.widget.TextView (1)'

13-02-2024T12:34:29 - [TEST_STEP][PASSED] - tap(findTestObject("Object Repository/android.widget.Button - CHECKOUT"), 0): Tapped on element 'Object Repository/android.widget.Button - CHECKOUT'

13-02-2024T12:34:29 - [MESSAGE][WARNING] - Timeout '0' is invalid. Using default page load timeout: '30'

13-02-2024T12:34:31 - [MESSAGE][PASSED] - Tapped on element 'Object Repository/android.widget.Button - CHECKOUT'

13-02-2024T12:34:31 - [TEST_STEP][PASSED] - tap(findTestObject("Object Repository/New Folder/checkout.Button - PROCESS CHECKOUT"), 0): Tapped on element 'Object Repository/New Folder/checkout.Button - PROCESS CHECKOUT'

13-02-2024T12:34:31 - [MESSAGE][WARNING] - Timeout '0' is invalid. Using default page load timeout: '30'

13-02-2024T12:34:34 - [MESSAGE][PASSED] - Tapped on element 'Object Repository/New Folder/checkout.Button - PROCESS CHECKOUT'

13-02-2024T12:34:34 - [TEST_STEP][PASSED] - tap(findTestObject("Object Repository/New Folder/yes.Button - YES"), 0): Tapped on element 'Object Repository/New Folder/yes.Button - YES'

13-02-2024T12:34:34 - [MESSAGE][WARNING] - Timeout '0' is invalid. Using default page load timeout: '30'

13-02-2024T12:34:36 - [MESSAGE][PASSED] - Tapped on element 'Object Repository/New Folder/yes.Button - YES'

13-02-2024T12:34:36 - [TEST_STEP][PASSED] - delay(8): Delayed 8 second(s)

13-02-2024T12:34:44 - [MESSAGE][PASSED] - Delayed 8 second(s)

13-02-2024T12:34:44 - [TEST_STEP][PASSED] - closeApplication(): Close app successfully

13-02-2024T12:34:46 - [MESSAGE][PASSED] - Close app successfully]]></system-out>
         <system-err><![CDATA[]]></system-err>
      </testcase>
      <system-out><![CDATA[13-02-2024T12:33:14 - [TEST_SUITE][PASSED] - TS 1: Test Cases/TC002 - Checkout Barang]]></system-out>
      <system-err><![CDATA[]]></system-err>
   </testsuite>
</testsuites>
